<?xml version="1.0" encoding="UTF-8"?>
<!-- Generated by org.testng.reporters.JUnitReportReporter -->
<testsuite skipped="0" hostname="ip-172-31-78-27" name="test.ProductSelectionTest" tests="1" failures="0" timestamp="2021-06-27T08:05:26 UTC" time="0.598" errors="0">
  <testcase name="Logintest" time="0.598" classname="test.ProductSelectionTest"/>
  <system-out/>
</testsuite> <!-- test.ProductSelectionTest -->
